<html>
<head>
<title>TestNG:  AllTests</title>
<link href="../testng.css" rel="stylesheet" type="text/css" />
<link href="../my-testng.css" rel="stylesheet" type="text/css" />

<style type="text/css">
.log { display: none;} 
.stack-trace { display: none;} 
</style>
<script type="text/javascript">
<!--
function flip(e) {
  current = e.style.display;
  if (current == 'block') {
    e.style.display = 'none';
    return 0;
  }
  else {
    e.style.display = 'block';
    return 1;
  }
}

function toggleBox(szDivId, elem, msg1, msg2)
{
  var res = -1;  if (document.getElementById) {
    res = flip(document.getElementById(szDivId));
  }
  else if (document.all) {
    // this is the way old msie versions work
    res = flip(document.all[szDivId]);
  }
  if(elem) {
    if(res == 0) elem.innerHTML = msg1; else elem.innerHTML = msg2;
  }

}

function toggleAllBoxes() {
  if (document.getElementsByTagName) {
    d = document.getElementsByTagName('div');
    for (i = 0; i < d.length; i++) {
      if (d[i].className == 'log') {
        flip(d[i]);
      }
    }
  }
}

// -->
</script>

</head>
<body>
<h2 align='center'>AllTests</h2><table border='1' align="center">
<tr>
<td>Tests passed/Failed/Skipped:</td><td>8/3/0</td>
</tr><tr>
<td>Started on:</td><td>Thu Apr 10 17:29:24 IST 2025</td>
</tr>
<tr><td>Total time:</td><td>607 seconds (607740 ms)</td>
</tr><tr>
<td>Included groups:</td><td></td>
</tr><tr>
<td>Excluded groups:</td><td></td>
</tr>
</table><p/>
<small><i>(Hover the method name to see the test class name)</i></small><p/>
<table width='100%' border='1' class='invocation-failed'>
<tr><td colspan='4' align='center'><b>FAILED TESTS</b></td></tr>
<tr><td><b>Test method</b></td>
<td width="30%"><b>Exception</b></td>
<td width="10%"><b>Time (seconds)</b></td>
<td><b>Instance</b></td>
</tr>
<tr>
<td title='tests.SearchAndFilter.validatePriceRangeFilter()'><b>validatePriceRangeFilter</b><br>Test class: tests.SearchAndFilter</td>
<td><div><pre>java.lang.AssertionError: The following asserts failed:
	The Price is not in the correct range[3600-23700:40849 expected [true] but found [false],
	The Price is not in the correct range[3600-23700:40300 expected [true] but found [false],
	The Price is not in the correct range[3600-23700:26800 expected [true] but found [false],
	The Price is not in the correct range[3600-23700:36998 expected [true] but found [false],
	The Price is not in the correct range[3600-23700:91800 expected [true] but found [false],
	The Price is not in the correct range[3600-23700:39999 expected [true] but found [false],
	The Price is not in the correct range[3600-23700:28380 expected [true] but found [false],
	The Price is not in the correct range[3600-23700:55800 expected [true] but found [false],
	The Price is not in the correct range[3600-23700:28999 expected [true] but found [false],
	The Price is not in the correct range[3600-23700:27480 expected [true] but found [false],
	The Price is not in the correct range[3600-23700:91342 expected [true] but found [false]
	at pages.HomePage.validatePriceRangeFilter(HomePage.java:233)
	at tests.SearchAndFilter.validatePriceRangeFilter(SearchAndFilter.java:42)
	at java.base/java.util.concurrent.ThreadPoolExecutor.runWorker(ThreadPoolExecutor.java:1144)
	at java.base/java.util.concurrent.ThreadPoolExecutor$Worker.run(ThreadPoolExecutor.java:642)
	at java.base/java.lang.Thread.run(Thread.java:1570)
... Removed 12 stack frames</pre></div><a href='#' onClick='toggleBox("stack-trace134800369", this, "Click to show all stack frames", "Click to hide stack frames")'>Click to show all stack frames</a>
<div class='stack-trace' id='stack-trace134800369'><pre>java.lang.AssertionError: The following asserts failed:
	The Price is not in the correct range[3600-23700:40849 expected [true] but found [false],
	The Price is not in the correct range[3600-23700:40300 expected [true] but found [false],
	The Price is not in the correct range[3600-23700:26800 expected [true] but found [false],
	The Price is not in the correct range[3600-23700:36998 expected [true] but found [false],
	The Price is not in the correct range[3600-23700:91800 expected [true] but found [false],
	The Price is not in the correct range[3600-23700:39999 expected [true] but found [false],
	The Price is not in the correct range[3600-23700:28380 expected [true] but found [false],
	The Price is not in the correct range[3600-23700:55800 expected [true] but found [false],
	The Price is not in the correct range[3600-23700:28999 expected [true] but found [false],
	The Price is not in the correct range[3600-23700:27480 expected [true] but found [false],
	The Price is not in the correct range[3600-23700:91342 expected [true] but found [false]
	at org.testng.asserts.SoftAssert.assertAll(SoftAssert.java:47)
	at org.testng.asserts.SoftAssert.assertAll(SoftAssert.java:31)
	at pages.HomePage.validatePriceRangeFilter(HomePage.java:233)
	at tests.SearchAndFilter.validatePriceRangeFilter(SearchAndFilter.java:42)
	at java.base/jdk.internal.reflect.DirectMethodHandleAccessor.invoke(DirectMethodHandleAccessor.java:103)
	at java.base/java.lang.reflect.Method.invoke(Method.java:580)
	at org.testng.internal.MethodInvocationHelper.invokeMethod(MethodInvocationHelper.java:133)
	at org.testng.internal.TestInvoker.invokeMethod(TestInvoker.java:598)
	at org.testng.internal.TestInvoker.invokeTestMethod(TestInvoker.java:173)
	at org.testng.internal.MethodRunner.runInSequence(MethodRunner.java:46)
	at org.testng.internal.TestInvoker$MethodInvocationAgent.invoke(TestInvoker.java:824)
	at org.testng.internal.TestInvoker.invokeTestMethods(TestInvoker.java:146)
	at org.testng.internal.TestMethodWorker.invokeTestMethods(TestMethodWorker.java:146)
	at org.testng.internal.TestMethodWorker.run(TestMethodWorker.java:128)
	at java.base/java.util.concurrent.ThreadPoolExecutor.runWorker(ThreadPoolExecutor.java:1144)
	at java.base/java.util.concurrent.ThreadPoolExecutor$Worker.run(ThreadPoolExecutor.java:642)
	at java.base/java.lang.Thread.run(Thread.java:1570)
</pre></div></td>
<td>246</td>
<td>tests.SearchAndFilter@8458f04</td></tr>
<tr>
<td title='tests.SearchAndFilter.validateSearchSuggestions()'><b>validateSearchSuggestions</b><br>Test class: tests.SearchAndFilter</td>
<td><div><pre>org.openqa.selenium.StaleElementReferenceException: stale element reference: stale element not found in the current frame
  (Session info: chrome=135.0.7049.42)
For documentation on this error, please visit: https://www.selenium.dev/documentation/webdriver/troubleshooting/errors#stale-element-reference-exception
Build info: version: &apos;4.10.0&apos;, revision: &apos;c14d967899&apos;
System info: os.name: &apos;Mac OS X&apos;, os.arch: &apos;aarch64&apos;, os.version: &apos;15.4&apos;, java.version: &apos;22.0.2&apos;
Driver info: org.openqa.selenium.chrome.ChromeDriver
Command: [f6388c029b7b32b27370977c1ce5d4df, getElementText {id=f.8B634F1D4CAA57B55AF3861AB8A7A141.d.CA8676DB00C6491106AC32EC98776932.e.78}]
Capabilities {acceptInsecureCerts: false, browserName: chrome, browserVersion: 135.0.7049.42, chrome: {chromedriverVersion: 135.0.7049.84 (6c019e560019..., userDataDir: /var/folders/bn/_pv1z4w536q...}, fedcm:accounts: true, goog:chromeOptions: {debuggerAddress: localhost:60679}, networkConnectionEnabled: false, pageLoadStrategy: normal, platformName: mac, proxy: Proxy(), se:cdp: ws://localhost:60679/devtoo..., se:cdpVersion: 135.0.7049.42, setWindowRect: true, strictFileInteractability: false, timeouts: {implicit: 0, pageLoad: 300000, script: 30000}, unhandledPromptBehavior: dismiss and notify, webauthn:extension:credBlob: true, webauthn:extension:largeBlob: true, webauthn:extension:minPinLength: true, webauthn:extension:prf: true, webauthn:virtualAuthenticators: true}
Element: [[ChromeDriver: chrome on mac (f6388c029b7b32b27370977c1ce5d4df)] -&gt; xpath: //div[contains(@id,&apos;sac-suggestion&apos;)]//div[contains(@class,&apos;suggestion-ellipsis-direction&apos;)]]
Session ID: f6388c029b7b32b27370977c1ce5d4df
	at org.openqa.selenium.remote.codec.w3c.W3CHttpResponseCodec.createException(W3CHttpResponseCodec.java:199)
	at org.openqa.selenium.remote.codec.w3c.W3CHttpResponseCodec.decode(W3CHttpResponseCodec.java:132)
	at org.openqa.selenium.remote.codec.w3c.W3CHttpResponseCodec.decode(W3CHttpResponseCodec.java:51)
	at org.openqa.selenium.remote.HttpCommandExecutor.execute(HttpCommandExecutor.java:191)
	at org.openqa.selenium.remote.service.DriverCommandExecutor.invokeExecute(DriverCommandExecutor.java:196)
	at org.openqa.selenium.remote.service.DriverCommandExecutor.execute(DriverCommandExecutor.java:171)
	at org.openqa.selenium.remote.RemoteWebDriver.execute(RemoteWebDriver.java:531)
	at org.openqa.selenium.remote.RemoteWebElement.execute(RemoteWebElement.java:242)
	at org.openqa.selenium.remote.RemoteWebElement.getText(RemoteWebElement.java:192)
	at pages.HomePage.validateSearchSuggestions(HomePage.java:295)
	at tests.SearchAndFilter.validateSearchSuggestions(SearchAndFilter.java:58)
	at java.base/java.util.concurrent.ThreadPoolExecutor.runWorker(ThreadPoolExecutor.java:1144)
	at java.base/java.util.concurrent.ThreadPoolExecutor$Worker.run(ThreadPoolExecutor.java:642)
	at java.base/java.lang.Thread.run(Thread.java:1570)
... Removed 13 stack frames</pre></div><a href='#' onClick='toggleBox("stack-trace738656860", this, "Click to show all stack frames", "Click to hide stack frames")'>Click to show all stack frames</a>
<div class='stack-trace' id='stack-trace738656860'><pre>org.openqa.selenium.StaleElementReferenceException: stale element reference: stale element not found in the current frame
  (Session info: chrome=135.0.7049.42)
For documentation on this error, please visit: https://www.selenium.dev/documentation/webdriver/troubleshooting/errors#stale-element-reference-exception
Build info: version: &apos;4.10.0&apos;, revision: &apos;c14d967899&apos;
System info: os.name: &apos;Mac OS X&apos;, os.arch: &apos;aarch64&apos;, os.version: &apos;15.4&apos;, java.version: &apos;22.0.2&apos;
Driver info: org.openqa.selenium.chrome.ChromeDriver
Command: [f6388c029b7b32b27370977c1ce5d4df, getElementText {id=f.8B634F1D4CAA57B55AF3861AB8A7A141.d.CA8676DB00C6491106AC32EC98776932.e.78}]
Capabilities {acceptInsecureCerts: false, browserName: chrome, browserVersion: 135.0.7049.42, chrome: {chromedriverVersion: 135.0.7049.84 (6c019e560019..., userDataDir: /var/folders/bn/_pv1z4w536q...}, fedcm:accounts: true, goog:chromeOptions: {debuggerAddress: localhost:60679}, networkConnectionEnabled: false, pageLoadStrategy: normal, platformName: mac, proxy: Proxy(), se:cdp: ws://localhost:60679/devtoo..., se:cdpVersion: 135.0.7049.42, setWindowRect: true, strictFileInteractability: false, timeouts: {implicit: 0, pageLoad: 300000, script: 30000}, unhandledPromptBehavior: dismiss and notify, webauthn:extension:credBlob: true, webauthn:extension:largeBlob: true, webauthn:extension:minPinLength: true, webauthn:extension:prf: true, webauthn:virtualAuthenticators: true}
Element: [[ChromeDriver: chrome on mac (f6388c029b7b32b27370977c1ce5d4df)] -&gt; xpath: //div[contains(@id,&apos;sac-suggestion&apos;)]//div[contains(@class,&apos;suggestion-ellipsis-direction&apos;)]]
Session ID: f6388c029b7b32b27370977c1ce5d4df
	at java.base/jdk.internal.reflect.DirectConstructorHandleAccessor.newInstance(DirectConstructorHandleAccessor.java:62)
	at java.base/java.lang.reflect.Constructor.newInstanceWithCaller(Constructor.java:502)
	at java.base/java.lang.reflect.Constructor.newInstance(Constructor.java:486)
	at org.openqa.selenium.remote.codec.w3c.W3CHttpResponseCodec.createException(W3CHttpResponseCodec.java:199)
	at org.openqa.selenium.remote.codec.w3c.W3CHttpResponseCodec.decode(W3CHttpResponseCodec.java:132)
	at org.openqa.selenium.remote.codec.w3c.W3CHttpResponseCodec.decode(W3CHttpResponseCodec.java:51)
	at org.openqa.selenium.remote.HttpCommandExecutor.execute(HttpCommandExecutor.java:191)
	at org.openqa.selenium.remote.service.DriverCommandExecutor.invokeExecute(DriverCommandExecutor.java:196)
	at org.openqa.selenium.remote.service.DriverCommandExecutor.execute(DriverCommandExecutor.java:171)
	at org.openqa.selenium.remote.RemoteWebDriver.execute(RemoteWebDriver.java:531)
	at org.openqa.selenium.remote.RemoteWebElement.execute(RemoteWebElement.java:242)
	at org.openqa.selenium.remote.RemoteWebElement.getText(RemoteWebElement.java:192)
	at pages.HomePage.validateSearchSuggestions(HomePage.java:295)
	at tests.SearchAndFilter.validateSearchSuggestions(SearchAndFilter.java:58)
	at java.base/jdk.internal.reflect.DirectMethodHandleAccessor.invoke(DirectMethodHandleAccessor.java:103)
	at java.base/java.lang.reflect.Method.invoke(Method.java:580)
	at org.testng.internal.MethodInvocationHelper.invokeMethod(MethodInvocationHelper.java:133)
	at org.testng.internal.TestInvoker.invokeMethod(TestInvoker.java:598)
	at org.testng.internal.TestInvoker.invokeTestMethod(TestInvoker.java:173)
	at org.testng.internal.MethodRunner.runInSequence(MethodRunner.java:46)
	at org.testng.internal.TestInvoker$MethodInvocationAgent.invoke(TestInvoker.java:824)
	at org.testng.internal.TestInvoker.invokeTestMethods(TestInvoker.java:146)
	at org.testng.internal.TestMethodWorker.invokeTestMethods(TestMethodWorker.java:146)
	at org.testng.internal.TestMethodWorker.run(TestMethodWorker.java:128)
	at java.base/java.util.concurrent.ThreadPoolExecutor.runWorker(ThreadPoolExecutor.java:1144)
	at java.base/java.util.concurrent.ThreadPoolExecutor$Worker.run(ThreadPoolExecutor.java:642)
	at java.base/java.lang.Thread.run(Thread.java:1570)
</pre></div></td>
<td>0</td>
<td>tests.SearchAndFilter@8458f04</td></tr>
<tr>
<td title='tests.SearchAndFilter.validateFilters()'><b>validateFilters</b><br>Test class: tests.SearchAndFilter</td>
<td><div><pre>java.lang.AssertionError: The following asserts failed:
	Storage Filter is showing incorrect data expected [true] but found [false],
	Found a discount below 25%: 21% expected [true] but found [false],
	Found a discount below 25%: 21% expected [true] but found [false],
	Some delivery-recipe divs do not contain the Prime icon!,
	Some delivery-recipe divs do not contain the Prime icon!,
	Some delivery-recipe divs do not contain the Prime icon!,
	Some delivery-recipe divs do not contain the Prime icon!,
	Some delivery-recipe divs do not contain the Prime icon!,
	Some delivery-recipe divs do not contain the Prime icon!,
	Some delivery-recipe divs do not contain the Prime icon!,
	Some delivery-recipe divs do not contain the Prime icon!,
	Some delivery-recipe divs do not contain the Prime icon!,
	Some delivery-recipe divs do not contain the Prime icon!,
	Some delivery-recipe divs do not contain the Prime icon!,
	Some delivery-recipe divs do not contain the Prime icon!,
	Some delivery-recipe divs do not contain the Prime icon!
	at pages.HomePage.addFiltersAndValidateResults(HomePage.java:359)
	at tests.SearchAndFilter.validateFilters(SearchAndFilter.java:64)
	at java.base/java.util.concurrent.ThreadPoolExecutor.runWorker(ThreadPoolExecutor.java:1144)
	at java.base/java.util.concurrent.ThreadPoolExecutor$Worker.run(ThreadPoolExecutor.java:642)
	at java.base/java.lang.Thread.run(Thread.java:1570)
... Removed 12 stack frames</pre></div><a href='#' onClick='toggleBox("stack-trace1847801100", this, "Click to show all stack frames", "Click to hide stack frames")'>Click to show all stack frames</a>
<div class='stack-trace' id='stack-trace1847801100'><pre>java.lang.AssertionError: The following asserts failed:
	Storage Filter is showing incorrect data expected [true] but found [false],
	Found a discount below 25%: 21% expected [true] but found [false],
	Found a discount below 25%: 21% expected [true] but found [false],
	Some delivery-recipe divs do not contain the Prime icon!,
	Some delivery-recipe divs do not contain the Prime icon!,
	Some delivery-recipe divs do not contain the Prime icon!,
	Some delivery-recipe divs do not contain the Prime icon!,
	Some delivery-recipe divs do not contain the Prime icon!,
	Some delivery-recipe divs do not contain the Prime icon!,
	Some delivery-recipe divs do not contain the Prime icon!,
	Some delivery-recipe divs do not contain the Prime icon!,
	Some delivery-recipe divs do not contain the Prime icon!,
	Some delivery-recipe divs do not contain the Prime icon!,
	Some delivery-recipe divs do not contain the Prime icon!,
	Some delivery-recipe divs do not contain the Prime icon!,
	Some delivery-recipe divs do not contain the Prime icon!
	at org.testng.asserts.SoftAssert.assertAll(SoftAssert.java:47)
	at org.testng.asserts.SoftAssert.assertAll(SoftAssert.java:31)
	at pages.HomePage.addFiltersAndValidateResults(HomePage.java:359)
	at tests.SearchAndFilter.validateFilters(SearchAndFilter.java:64)
	at java.base/jdk.internal.reflect.DirectMethodHandleAccessor.invoke(DirectMethodHandleAccessor.java:103)
	at java.base/java.lang.reflect.Method.invoke(Method.java:580)
	at org.testng.internal.MethodInvocationHelper.invokeMethod(MethodInvocationHelper.java:133)
	at org.testng.internal.TestInvoker.invokeMethod(TestInvoker.java:598)
	at org.testng.internal.TestInvoker.invokeTestMethod(TestInvoker.java:173)
	at org.testng.internal.MethodRunner.runInSequence(MethodRunner.java:46)
	at org.testng.internal.TestInvoker$MethodInvocationAgent.invoke(TestInvoker.java:824)
	at org.testng.internal.TestInvoker.invokeTestMethods(TestInvoker.java:146)
	at org.testng.internal.TestMethodWorker.invokeTestMethods(TestMethodWorker.java:146)
	at org.testng.internal.TestMethodWorker.run(TestMethodWorker.java:128)
	at java.base/java.util.concurrent.ThreadPoolExecutor.runWorker(ThreadPoolExecutor.java:1144)
	at java.base/java.util.concurrent.ThreadPoolExecutor$Worker.run(ThreadPoolExecutor.java:642)
	at java.base/java.lang.Thread.run(Thread.java:1570)
</pre></div></td>
<td>191</td>
<td>tests.SearchAndFilter@8458f04</td></tr>
</table><p>
<table width='100%' border='1' class='invocation-passed'>
<tr><td colspan='4' align='center'><b>PASSED TESTS</b></td></tr>
<tr><td><b>Test method</b></td>
<td width="30%"><b>Exception</b></td>
<td width="10%"><b>Time (seconds)</b></td>
<td><b>Instance</b></td>
</tr>
<tr>
<td title='tests.LoginTests.performLogin()'><b>performLogin</b><br>Test class: tests.LoginTests<br>Parameters: mdsufiyan99999@gmail.com, Test@123</td>
<td></td>
<td>19</td>
<td>tests.LoginTests@8519cb4</td></tr>
<tr>
<td title='tests.Pagination.validatePaginationContainer()'><b>validatePaginationContainer</b><br>Test class: tests.Pagination</td>
<td></td>
<td>75</td>
<td>tests.Pagination@606e4010</td></tr>
<tr>
<td title='tests.SearchAndFilter.searchDropDownAlphabeticalOrder()'><b>searchDropDownAlphabeticalOrder</b><br>Test class: tests.SearchAndFilter</td>
<td></td>
<td>0</td>
<td>tests.SearchAndFilter@8458f04</td></tr>
<tr>
<td title='tests.LoginTests.performLogin()'><b>performLogin</b><br>Test class: tests.LoginTests<br>Parameters: ffasozfljvdno, ZebaFarhana@786</td>
<td></td>
<td>2</td>
<td>tests.LoginTests@8519cb4</td></tr>
<tr>
<td title='tests.Pagination.validatePagination()'><b>validatePagination</b><br>Test class: tests.Pagination</td>
<td></td>
<td>23</td>
<td>tests.Pagination@606e4010</td></tr>
<tr>
<td title='tests.SearchAndFilter.searchProductAndValidate()'><b>searchProductAndValidate</b><br>Test class: tests.SearchAndFilter</td>
<td></td>
<td>7</td>
<td>tests.SearchAndFilter@8458f04</td></tr>
<tr>
<td title='tests.SearchAndFilter.validatePriceSorting()'><b>validatePriceSorting</b><br>Test class: tests.SearchAndFilter</td>
<td></td>
<td>4</td>
<td>tests.SearchAndFilter@8458f04</td></tr>
<tr>
<td title='tests.LoginTests.performLogin()'><b>performLogin</b><br>Test class: tests.LoginTests<br>Parameters: mdsufiyan99999@gmail.com, ZebaFarhana@786</td>
<td></td>
<td>32</td>
<td>tests.LoginTests@8519cb4</td></tr>
</table><p>
</body>
</html>