<?xml version="1.0" encoding="UTF-8"?>
<!-- Generated by org.testng.reporters.JUnitXMLReporter -->
<testsuite ignored="4" hostname="GSHYD-Q4DH444749" failures="3" tests="11" name="AllTests" time="607.74" errors="0" timestamp="2025-04-10T17:39:31 IST">
  <testcase classname="tests.SearchAndFilter" name="searchDropDownAlphabeticalOrder" time="0.042"/>
  <testcase classname="tests.LoginTests" name="performLogin" time="2.277"/>
  <testcase classname="tests.SearchAndFilter" name="searchProductAndValidate" time="7.181"/>
  <testcase classname="tests.Pagination" name="validatePaginationContainer" time="75.587"/>
  <testcase classname="tests.LoginTests" name="performLogin" time="19.621"/>
  <testcase classname="tests.Pagination" name="validatePagination" time="23.068"/>
  <testcase classname="tests.LoginTests" name="performLogin" time="32.318"/>
  <testcase classname="tests.SearchAndFilter" name="validateFilters" time="191.954">
    <failure type="java.lang.AssertionError" message="The following asserts failed:
	Storage Filter is showing incorrect data expected [true] but found [false],
	Found a discount below 25%: 21% expected [true] but found [false],
	Found a discount below 25%: 21% expected [true] but found [false],
	Some delivery-recipe divs do not contain the Prime icon!,
	Some delivery-recipe divs do not contain the Prime icon!,
	Some delivery-recipe divs do not contain the Prime icon!,
	Some delivery-recipe divs do not contain the Prime icon!,
	Some delivery-recipe divs do not contain the Prime icon!,
	Some delivery-recipe divs do not contain the Prime icon!,
	Some delivery-recipe divs do not contain the Prime icon!,
	Some delivery-recipe divs do not contain the Prime icon!,
	Some delivery-recipe divs do not contain the Prime icon!,
	Some delivery-recipe divs do not contain the Prime icon!,
	Some delivery-recipe divs do not contain the Prime icon!,
	Some delivery-recipe divs do not contain the Prime icon!,
	Some delivery-recipe divs do not contain the Prime icon!">
      <![CDATA[java.lang.AssertionError: The following asserts failed:
Storage Filter is showing incorrect data expected [true] but found [false],
Found a discount below 25%: 21% expected [true] but found [false],
Found a discount below 25%: 21% expected [true] but found [false],
Some delivery-recipe divs do not contain the Prime icon!,
Some delivery-recipe divs do not contain the Prime icon!,
Some delivery-recipe divs do not contain the Prime icon!,
Some delivery-recipe divs do not contain the Prime icon!,
Some delivery-recipe divs do not contain the Prime icon!,
Some delivery-recipe divs do not contain the Prime icon!,
Some delivery-recipe divs do not contain the Prime icon!,
Some delivery-recipe divs do not contain the Prime icon!,
Some delivery-recipe divs do not contain the Prime icon!,
Some delivery-recipe divs do not contain the Prime icon!,
Some delivery-recipe divs do not contain the Prime icon!,
Some delivery-recipe divs do not contain the Prime icon!,
Some delivery-recipe divs do not contain the Prime icon!
at pages.HomePage.addFiltersAndValidateResults(HomePage.java:359)
at tests.SearchAndFilter.validateFilters(SearchAndFilter.java:64)
at java.base/java.util.concurrent.ThreadPoolExecutor.runWorker(ThreadPoolExecutor.java:1144)
at java.base/java.util.concurrent.ThreadPoolExecutor$Worker.run(ThreadPoolExecutor.java:642)
at java.base/java.lang.Thread.run(Thread.java:1570)
... Removed 12 stack frames]]>
    </failure>
  </testcase> <!-- validateFilters -->
  <testcase classname="tests.SearchAndFilter" name="validatePriceRangeFilter" time="246.841">
    <failure type="java.lang.AssertionError" message="The following asserts failed:
	The Price is not in the correct range[3600-23700:40849 expected [true] but found [false],
	The Price is not in the correct range[3600-23700:40300 expected [true] but found [false],
	The Price is not in the correct range[3600-23700:26800 expected [true] but found [false],
	The Price is not in the correct range[3600-23700:36998 expected [true] but found [false],
	The Price is not in the correct range[3600-23700:91800 expected [true] but found [false],
	The Price is not in the correct range[3600-23700:39999 expected [true] but found [false],
	The Price is not in the correct range[3600-23700:28380 expected [true] but found [false],
	The Price is not in the correct range[3600-23700:55800 expected [true] but found [false],
	The Price is not in the correct range[3600-23700:28999 expected [true] but found [false],
	The Price is not in the correct range[3600-23700:27480 expected [true] but found [false],
	The Price is not in the correct range[3600-23700:91342 expected [true] but found [false]">
      <![CDATA[java.lang.AssertionError: The following asserts failed:
The Price is not in the correct range[3600-23700:40849 expected [true] but found [false],
The Price is not in the correct range[3600-23700:40300 expected [true] but found [false],
The Price is not in the correct range[3600-23700:26800 expected [true] but found [false],
The Price is not in the correct range[3600-23700:36998 expected [true] but found [false],
The Price is not in the correct range[3600-23700:91800 expected [true] but found [false],
The Price is not in the correct range[3600-23700:39999 expected [true] but found [false],
The Price is not in the correct range[3600-23700:28380 expected [true] but found [false],
The Price is not in the correct range[3600-23700:55800 expected [true] but found [false],
The Price is not in the correct range[3600-23700:28999 expected [true] but found [false],
The Price is not in the correct range[3600-23700:27480 expected [true] but found [false],
The Price is not in the correct range[3600-23700:91342 expected [true] but found [false]
at pages.HomePage.validatePriceRangeFilter(HomePage.java:233)
at tests.SearchAndFilter.validatePriceRangeFilter(SearchAndFilter.java:42)
at java.base/java.util.concurrent.ThreadPoolExecutor.runWorker(ThreadPoolExecutor.java:1144)
at java.base/java.util.concurrent.ThreadPoolExecutor$Worker.run(ThreadPoolExecutor.java:642)
at java.base/java.lang.Thread.run(Thread.java:1570)
... Removed 12 stack frames]]>
    </failure>
  </testcase> <!-- validatePriceRangeFilter -->
  <testcase classname="tests.SearchAndFilter" name="validatePriceSorting" time="4.578"/>
  <testcase classname="tests.SearchAndFilter" name="validateSearchSuggestions" time="0.429">
    <failure type="org.openqa.selenium.StaleElementReferenceException" message="stale element reference: stale element not found in the current frame
  (Session info: chrome=135.0.7049.42)
For documentation on this error, please visit: https://www.selenium.dev/documentation/webdriver/troubleshooting/errors#stale-element-reference-exception
Build info: version: &amp;apos;4.10.0&amp;apos;, revision: &amp;apos;c14d967899&amp;apos;
System info: os.name: &amp;apos;Mac OS X&amp;apos;, os.arch: &amp;apos;aarch64&amp;apos;, os.version: &amp;apos;15.4&amp;apos;, java.version: &amp;apos;22.0.2&amp;apos;
Driver info: org.openqa.selenium.chrome.ChromeDriver
Command: [f6388c029b7b32b27370977c1ce5d4df, getElementText {id=f.8B634F1D4CAA57B55AF3861AB8A7A141.d.CA8676DB00C6491106AC32EC98776932.e.78}]
Capabilities {acceptInsecureCerts: false, browserName: chrome, browserVersion: 135.0.7049.42, chrome: {chromedriverVersion: 135.0.7049.84 (6c019e560019..., userDataDir: /var/folders/bn/_pv1z4w536q...}, fedcm:accounts: true, goog:chromeOptions: {debuggerAddress: localhost:60679}, networkConnectionEnabled: false, pageLoadStrategy: normal, platformName: mac, proxy: Proxy(), se:cdp: ws://localhost:60679/devtoo..., se:cdpVersion: 135.0.7049.42, setWindowRect: true, strictFileInteractability: false, timeouts: {implicit: 0, pageLoad: 300000, script: 30000}, unhandledPromptBehavior: dismiss and notify, webauthn:extension:credBlob: true, webauthn:extension:largeBlob: true, webauthn:extension:minPinLength: true, webauthn:extension:prf: true, webauthn:virtualAuthenticators: true}
Element: [[ChromeDriver: chrome on mac (f6388c029b7b32b27370977c1ce5d4df)] -&amp;gt; xpath: //div[contains(@id,&amp;apos;sac-suggestion&amp;apos;)]//div[contains(@class,&amp;apos;suggestion-ellipsis-direction&amp;apos;)]]
Session ID: f6388c029b7b32b27370977c1ce5d4df">
      <![CDATA[org.openqa.selenium.StaleElementReferenceException: stale element reference: stale element not found in the current frame
  (Session info: chrome=135.0.7049.42)
For documentation on this error, please visit: https://www.selenium.dev/documentation/webdriver/troubleshooting/errors#stale-element-reference-exception
Build info: version: '4.10.0', revision: 'c14d967899'
System info: os.name: 'Mac OS X', os.arch: 'aarch64', os.version: '15.4', java.version: '22.0.2'
Driver info: org.openqa.selenium.chrome.ChromeDriver
Command: [f6388c029b7b32b27370977c1ce5d4df, getElementText {id=f.8B634F1D4CAA57B55AF3861AB8A7A141.d.CA8676DB00C6491106AC32EC98776932.e.78}]
Capabilities {acceptInsecureCerts: false, browserName: chrome, browserVersion: 135.0.7049.42, chrome: {chromedriverVersion: 135.0.7049.84 (6c019e560019..., userDataDir: /var/folders/bn/_pv1z4w536q...}, fedcm:accounts: true, goog:chromeOptions: {debuggerAddress: localhost:60679}, networkConnectionEnabled: false, pageLoadStrategy: normal, platformName: mac, proxy: Proxy(), se:cdp: ws://localhost:60679/devtoo..., se:cdpVersion: 135.0.7049.42, setWindowRect: true, strictFileInteractability: false, timeouts: {implicit: 0, pageLoad: 300000, script: 30000}, unhandledPromptBehavior: dismiss and notify, webauthn:extension:credBlob: true, webauthn:extension:largeBlob: true, webauthn:extension:minPinLength: true, webauthn:extension:prf: true, webauthn:virtualAuthenticators: true}
Element: [[ChromeDriver: chrome on mac (f6388c029b7b32b27370977c1ce5d4df)] -> xpath: //div[contains(@id,'sac-suggestion')]//div[contains(@class,'suggestion-ellipsis-direction')]]
Session ID: f6388c029b7b32b27370977c1ce5d4df
at org.openqa.selenium.remote.codec.w3c.W3CHttpResponseCodec.createException(W3CHttpResponseCodec.java:199)
at org.openqa.selenium.remote.codec.w3c.W3CHttpResponseCodec.decode(W3CHttpResponseCodec.java:132)
at org.openqa.selenium.remote.codec.w3c.W3CHttpResponseCodec.decode(W3CHttpResponseCodec.java:51)
at org.openqa.selenium.remote.HttpCommandExecutor.execute(HttpCommandExecutor.java:191)
at org.openqa.selenium.remote.service.DriverCommandExecutor.invokeExecute(DriverCommandExecutor.java:196)
at org.openqa.selenium.remote.service.DriverCommandExecutor.execute(DriverCommandExecutor.java:171)
at org.openqa.selenium.remote.RemoteWebDriver.execute(RemoteWebDriver.java:531)
at org.openqa.selenium.remote.RemoteWebElement.execute(RemoteWebElement.java:242)
at org.openqa.selenium.remote.RemoteWebElement.getText(RemoteWebElement.java:192)
at pages.HomePage.validateSearchSuggestions(HomePage.java:295)
at tests.SearchAndFilter.validateSearchSuggestions(SearchAndFilter.java:58)
at java.base/java.util.concurrent.ThreadPoolExecutor.runWorker(ThreadPoolExecutor.java:1144)
at java.base/java.util.concurrent.ThreadPoolExecutor$Worker.run(ThreadPoolExecutor.java:642)
at java.base/java.lang.Thread.run(Thread.java:1570)
... Removed 13 stack frames]]>
    </failure>
  </testcase> <!-- validateSearchSuggestions -->
  <testcase classname="base.BaseTest" name="@BeforeSuite setUpExtendReports" time="0.0">
    <ignored/>
  </testcase> <!-- @BeforeSuite setUpExtendReports -->
  <testcase classname="base.BaseTest" name="@BeforeSuite setUpExtendReports" time="0.0">
    <ignored/>
  </testcase> <!-- @BeforeSuite setUpExtendReports -->
  <testcase classname="base.BaseTest" name="@AfterSuite flushExtentReports" time="0.0">
    <ignored/>
  </testcase> <!-- @AfterSuite flushExtentReports -->
  <testcase classname="base.BaseTest" name="@AfterSuite flushExtentReports" time="0.0">
    <ignored/>
  </testcase> <!-- @AfterSuite flushExtentReports -->
</testsuite> <!-- AllTests -->
